<?xml version="1.0" encoding="UTF-8"?>
<testng-results skipped="0" failed="0" total="1" passed="1">
  <reporter-output>
  </reporter-output>
  <suite name="Default suite" duration-ms="4247" started-at="2018-05-22T20:30:09Z" finished-at="2018-05-22T20:30:13Z">
    <groups>
    </groups>
    <test name="Default test" duration-ms="4247" started-at="2018-05-22T20:30:09Z" finished-at="2018-05-22T20:30:13Z">
      <class name="com.test.TestDemo">
        <test-method status="PASS" signature="testNew()[pri:0, instance:com.test.TestDemo@100fc185]" name="testNew" duration-ms="4233" started-at="2018-05-22T16:30:09Z" description="Google Home" finished-at="2018-05-22T16:30:13Z">
          <reporter-output>
          </reporter-output>
        </test-method> <!-- testNew -->
      </class> <!-- com.test.TestDemo -->
    </test> <!-- Default test -->
  </suite> <!-- Default suite -->
</testng-results>
