<?xml version="1.0" encoding="UTF-8"?>
<testng-results skipped="0" failed="0" total="1" passed="1">
  <reporter-output>
  </reporter-output>
  <suite name="Default suite" duration-ms="6738" started-at="2018-05-22T19:36:33Z" finished-at="2018-05-22T19:36:40Z">
    <groups>
    </groups>
    <test name="Default test" duration-ms="6738" started-at="2018-05-22T19:36:33Z" finished-at="2018-05-22T19:36:40Z">
      <class name="com.test.TestDemo">
        <test-method status="PASS" signature="testNew()[pri:0, instance:com.test.TestDemo@100fc185]" name="testNew" duration-ms="6726" started-at="2018-05-22T15:36:33Z" description="uefuefuh)" finished-at="2018-05-22T15:36:40Z">
          <reporter-output>
          </reporter-output>
        </test-method> <!-- testNew -->
      </class> <!-- com.test.TestDemo -->
    </test> <!-- Default test -->
  </suite> <!-- Default suite -->
</testng-results>
